<?xml version="1.0" encoding="UTF-8"?>
<!-- Generated by org.testng.reporters.JUnitReportReporter -->
<testsuite hostname="DESKTOP-8PDR25K" failures="0" tests="1" name="learnPom.TestScript02" time="6.099" errors="0" timestamp="2024-03-19T20:22:50 IST" skipped="0">
  <testcase classname="learnPom.TestScript02" name="registerPage" time="6.099"/>
  <system-out/>
</testsuite> <!-- learnPom.TestScript02 -->
