<?xml version="1.0" encoding="UTF-8"?>
<!-- Generated by org.testng.reporters.JUnitReportReporter -->
<testsuite hostname="DESKTOP-8PDR25K" failures="0" tests="1" name="generic.Script02" time="6.986" errors="0" timestamp="2024-03-11T20:45:43 IST" skipped="0">
  <testcase classname="generic.Script02" name="text" time="6.986"/>
  <system-out/>
</testsuite> <!-- generic.Script02 -->
