<?xml version="1.0" encoding="UTF-8"?>
<!-- Generated by org.testng.reporters.JUnitReportReporter -->
<testsuite hostname="DESKTOP-8PDR25K" failures="0" tests="3" name="helperAttributes.LearningPriority" time="0.034" errors="0" timestamp="2024-03-07T19:50:36 IST" skipped="0">
  <testcase classname="helperAttributes.LearningPriority" name="login" time="0.021"/>
  <system-out>
    <![CDATA[user has login the appln]]>
  </system-out>
  <testcase classname="helperAttributes.LearningPriority" name="addToCart" time="0.008"/>
  <system-out>
    <![CDATA[user has added a product to cart]]>
  </system-out>
  <testcase classname="helperAttributes.LearningPriority" name="logout" time="0.005"/>
  <system-out>
    <![CDATA[user has logout the appln]]>
  </system-out>
</testsuite> <!-- helperAttributes.LearningPriority -->
