<?xml version="1.0" encoding="UTF-8"?>
<!-- Generated by org.testng.reporters.JUnitReportReporter -->
<testsuite hostname="DESKTOP-8PDR25K" failures="0" tests="1" name="basic.Launch" time="10.199" errors="0" timestamp="2024-03-11T11:56:21 IST" skipped="0">
  <testcase classname="basic.Launch" name="demo" time="10.199"/>
  <system-out/>
</testsuite> <!-- basic.Launch -->
