<?xml version="1.0" encoding="UTF-8"?>
<!-- Generated by org.testng.reporters.JUnitReportReporter -->
<testsuite hostname="DESKTOP-8PDR25K" failures="0" tests="1" name="batchExecutation.LaunchSwiggy" time="86.877" errors="0" timestamp="2024-03-11T20:14:12 IST" skipped="0">
  <testcase classname="batchExecutation.LaunchSwiggy" name="swiggy" time="86.877"/>
  <system-out/>
</testsuite> <!-- batchExecutation.LaunchSwiggy -->
