<?xml version="1.0" encoding="UTF-8"?>
<!-- Generated by org.testng.reporters.JUnitReportReporter -->
<testsuite hostname="DESKTOP-8PDR25K" failures="0" tests="1" name="learnPom.TestScript01" time="4.258" errors="0" timestamp="2024-03-19T20:08:41 IST" skipped="0">
  <testcase classname="learnPom.TestScript01" name="demo" time="4.258"/>
  <system-out/>
</testsuite> <!-- learnPom.TestScript01 -->
