<?xml version="1.0" encoding="UTF-8"?>
<!-- Generated by org.testng.reporters.JUnitReportReporter -->
<testsuite hostname="DESKTOP-8PDR25K" failures="0" tests="1" name="helperAttributes.LearnTimeOut" time="12.948" errors="0" timestamp="2024-03-08T19:59:37 IST" skipped="0">
  <testcase classname="helperAttributes.LearnTimeOut" name="launch" time="12.948"/>
  <system-out/>
</testsuite> <!-- helperAttributes.LearnTimeOut -->
