<?xml version="1.0" encoding="UTF-8"?>
<!-- Generated by org.testng.reporters.JUnitReportReporter -->
<testsuite hostname="DESKTOP-8PDR25K" failures="0" tests="3" name="helperAttributes.LearnThreadPoolSize" time="69.007" errors="0" timestamp="2024-03-08T19:26:36 IST" skipped="0">
  <testcase classname="helperAttributes.LearnThreadPoolSize" name="launch" time="26.467"/>
  <system-out/>
  <testcase classname="helperAttributes.LearnThreadPoolSize" name="launch" time="25.884"/>
  <system-out/>
  <testcase classname="helperAttributes.LearnThreadPoolSize" name="launch" time="16.656"/>
  <system-out/>
</testsuite> <!-- helperAttributes.LearnThreadPoolSize -->
