<?xml version="1.0" encoding="UTF-8"?>
<!-- Generated by org.testng.reporters.JUnitReportReporter -->
<testsuite hostname="DESKTOP-8PDR25K" failures="0" tests="1" name="basic.LaunchingBrowser" time="20.233" errors="0" timestamp="2024-03-06T20:43:10 IST" skipped="0">
  <testcase classname="basic.LaunchingBrowser" name="launch" time="20.233"/>
  <system-out/>
</testsuite> <!-- basic.LaunchingBrowser -->
