<?xml version="1.0" encoding="UTF-8"?>
<!-- Generated by org.testng.reporters.JUnitReportReporter -->
<testsuite hostname="DESKTOP-8PDR25K" failures="0" tests="3" name="helperAttributes.LearnDependsOnMethod" time="0.018" errors="0" timestamp="2024-03-08T20:10:09 IST" skipped="0">
  <testcase classname="helperAttributes.LearnDependsOnMethod" name="register" time="0.014"/>
  <system-out>
    <![CDATA[user has register the appln]]>
  </system-out>
  <testcase classname="helperAttributes.LearnDependsOnMethod" name="login" time="0.002"/>
  <system-out>
    <![CDATA[user has login the appln]]>
  </system-out>
  <testcase classname="helperAttributes.LearnDependsOnMethod" name="product" time="0.002"/>
  <system-out>
    <![CDATA[user selected a product]]>
  </system-out>
</testsuite> <!-- helperAttributes.LearnDependsOnMethod -->
