<?xml version="1.0" encoding="UTF-8"?>
<!-- Generated by org.testng.reporters.JUnitReportReporter -->
<testsuite hostname="DESKTOP-8PDR25K" failures="0" tests="2" name="dataProviderMethod.DataProviderScript" time="0.023" errors="0" timestamp="2024-03-12T19:37:25 IST" skipped="0">
  <testcase classname="dataProviderMethod.DataProviderScript" name="demo" time="0.021"/>
  <system-out/>
  <testcase classname="dataProviderMethod.DataProviderScript" name="demo" time="0.002"/>
  <system-out/>
</testsuite> <!-- dataProviderMethod.DataProviderScript -->
