<?xml version="1.0" encoding="UTF-8"?>
<!-- Generated by org.testng.reporters.JUnitReportReporter -->
<testsuite hostname="DESKTOP-8PDR25K" failures="0" tests="2" name="basic.Priority" time="18.003" errors="0" timestamp="2024-03-07T15:12:49 IST" skipped="0">
  <testcase classname="basic.Priority" name="launch" time="7.455"/>
  <system-out/>
  <testcase classname="basic.Priority" name="launch" time="10.548"/>
  <system-out/>
</testsuite> <!-- basic.Priority -->
