<?xml version="1.0" encoding="UTF-8"?>
<!-- Generated by org.testng.reporters.JUnitReportReporter -->
<testsuite hostname="DESKTOP-8PDR25K" failures="0" tests="2" name="helperAttributes.LearnEnabled" time="15.546" errors="0" timestamp="2024-03-08T19:35:02 IST" skipped="1">
  <testcase classname="helperAttributes.LearnEnabled" name="login" time="15.546"/>
  <system-out/>
  <testcase classname="helperAttributes.LearnEnabled" name="logout">
    <skipped/>
  </testcase> <!-- logout -->
  <system-out/>
</testsuite> <!-- helperAttributes.LearnEnabled -->
