<?xml version="1.0" encoding="UTF-8"?>
<!-- Generated by org.testng.reporters.JUnitReportReporter -->
<testsuite hostname="DESKTOP-8PDR25K" failures="0" tests="1" name="basic.Demo" time="0.018" errors="0" timestamp="2024-03-06T20:37:06 IST" skipped="0">
  <testcase classname="basic.Demo" name="launch" time="0.018"/>
  <system-out>
    <![CDATA[testNG is Installed]]>
  </system-out>
</testsuite> <!-- basic.Demo -->
