<?xml version="1.0" encoding="UTF-8"?>
<!-- Generated by org.testng.reporters.JUnitReportReporter -->
<testsuite hostname="DESKTOP-8PDR25K" failures="0" tests="1" name="helperAttributes.LearnInocationCount" time="29.473" errors="0" timestamp="2024-03-08T18:37:27 IST" skipped="0">
  <testcase classname="helperAttributes.LearnInocationCount" name="launch" time="29.473"/>
  <system-out/>
</testsuite> <!-- helperAttributes.LearnInocationCount -->
