<?xml version="1.0" encoding="UTF-8"?>
<!-- Generated by org.testng.reporters.JUnitReportReporter -->
<testsuite hostname="DESKTOP-8PDR25K" failures="0" tests="3" name="dataProviderMethod.FetchMultipleTestData" time="32.243" errors="0" timestamp="2024-03-13T19:55:52 IST" skipped="0">
  <testcase classname="dataProviderMethod.FetchMultipleTestData" name="registerData" time="12.191"/>
  <system-out/>
  <testcase classname="dataProviderMethod.FetchMultipleTestData" name="registerData" time="10.733"/>
  <system-out/>
  <testcase classname="dataProviderMethod.FetchMultipleTestData" name="registerData" time="9.319"/>
  <system-out/>
</testsuite> <!-- dataProviderMethod.FetchMultipleTestData -->
