<?xml version="1.0" encoding="UTF-8"?>
<!-- Generated by org.testng.reporters.JUnitReportReporter -->
<testsuite hostname="DESKTOP-8PDR25K" failures="0" tests="1" name="learnPom.TestScript03" time="2.470" errors="0" timestamp="2024-03-19T20:32:27 IST" skipped="0">
  <testcase classname="learnPom.TestScript03" name="text" time="2.470"/>
  <system-out/>
</testsuite> <!-- learnPom.TestScript03 -->
