<?xml version="1.0" encoding="UTF-8"?>
<!-- Generated by org.testng.reporters.JUnitReportReporter -->
<testsuite hostname="DESKTOP-8PDR25K" failures="0" tests="1" name="generic.Script03" time="19.591" errors="0" timestamp="2024-03-27T20:07:26 IST" skipped="0">
  <testcase classname="generic.Script03" name="launch" time="19.591"/>
  <system-out/>
</testsuite> <!-- generic.Script03 -->
