<?xml version="1.0" encoding="UTF-8"?>
<!-- Generated by org.testng.reporters.JUnitReportReporter -->
<testsuite hostname="DESKTOP-8PDR25K" failures="0" tests="1" name="annatation.Script" time="1.930" errors="0" timestamp="2024-03-09T19:31:27 IST" skipped="0">
  <testcase classname="annatation.Script" name="code" time="1.930"/>
  <system-out/>
</testsuite> <!-- annatation.Script -->
