<?xml version="1.0" encoding="UTF-8"?>
<!-- Generated by org.testng.reporters.JUnitReportReporter -->
<testsuite hostname="DESKTOP-8PDR25K" failures="0" tests="1" name="generic.Script01" time="10.863" errors="0" timestamp="2024-03-11T20:40:54 IST" skipped="0">
  <testcase classname="generic.Script01" name="bookPage" time="10.863"/>
  <system-out/>
</testsuite> <!-- generic.Script01 -->
